<?xml version="1.0" encoding="UTF-8"?>
<testsuite errors="4" failures="0" name="FindByIdCheck" skipped="0" tests="10" time="11.45"
           timestamp="2018-06-24T16:44:26.389+02:00[Europe/Belgrade]">
    <testcase classname="FindByIdCheck" name="User can not find pet with invalid id">
        <error type="net.serenitybdd.core.exceptions.UnrecognisedException"/>
        <system-err>null&#13;
            com.fasterxml.jackson.databind.exc.UnrecognizedPropertyException.from(UnrecognizedPropertyException.java:79)&#13;
            com.fasterxml.jackson.databind.DeserializationContext.reportUnknownProperty(DeserializationContext.java:555)&#13;
            com.fasterxml.jackson.databind.deser.std.StdDeserializer.handleUnknownProperty(StdDeserializer.java:708)&#13;
            com.fasterxml.jackson.databind.deser.BeanDeserializerBase.handleUnknownProperty(BeanDeserializerBase.java:1160)&#13;
            com.fasterxml.jackson.databind.deser.BeanDeserializer.deserializeFromObject(BeanDeserializer.java:315)&#13;
            com.fasterxml.jackson.databind.deser.BeanDeserializer.deserialize(BeanDeserializer.java:121)&#13;
            com.fasterxml.jackson.databind.ObjectMapper._readMapAndClose(ObjectMapper.java:2888)&#13;
            com.fasterxml.jackson.databind.ObjectMapper.readValue(ObjectMapper.java:2048)&#13;
            io.restassured.internal.path.json.mapping.JsonPathJackson2ObjectDeserializer.deserialize(JsonPathJackson2ObjectDeserializer.groovy:45)&#13;
            io.restassured.internal.mapping.Jackson2Mapper.deserialize(Jackson2Mapper.groovy:58)&#13;
            io.restassured.internal.mapping.ObjectMapping.parseWithJackson2(ObjectMapping.groovy:202)&#13;
            io.restassured.internal.mapping.ObjectMapping.deserialize(ObjectMapping.groovy:55)&#13;
            io.restassured.internal.RestAssuredResponseOptionsGroovyImpl.as(RestAssuredResponseOptionsGroovyImpl.groovy:222)&#13;
            io.restassured.internal.RestAssuredResponseOptionsImpl.as(RestAssuredResponseOptionsImpl.java:164)&#13;
            endpoint.FindByIdEndpoind.getFindById(FindByIdEndpoind.java:16)&#13;
            steps.FindByIdApiSteps.getFindById(FindByIdApiSteps.java:17)&#13;
            FindByIdCheck.userCanNotFindPetWithInvalidId(FindByIdCheck.java:54)&#13;
        </system-err>
    </testcase>
    <testcase classname="FindByIdCheck" name="User can check id value in find by id">
        <error type="net.serenitybdd.core.exceptions.UnrecognisedException"/>
        <system-err>null&#13;
            com.fasterxml.jackson.databind.exc.UnrecognizedPropertyException.from(UnrecognizedPropertyException.java:79)&#13;
            com.fasterxml.jackson.databind.DeserializationContext.reportUnknownProperty(DeserializationContext.java:555)&#13;
            com.fasterxml.jackson.databind.deser.std.StdDeserializer.handleUnknownProperty(StdDeserializer.java:708)&#13;
            com.fasterxml.jackson.databind.deser.BeanDeserializerBase.handleUnknownProperty(BeanDeserializerBase.java:1160)&#13;
            com.fasterxml.jackson.databind.deser.BeanDeserializer.deserializeFromObject(BeanDeserializer.java:315)&#13;
            com.fasterxml.jackson.databind.deser.BeanDeserializer.deserialize(BeanDeserializer.java:121)&#13;
            com.fasterxml.jackson.databind.ObjectMapper._readMapAndClose(ObjectMapper.java:2888)&#13;
            com.fasterxml.jackson.databind.ObjectMapper.readValue(ObjectMapper.java:2048)&#13;
            io.restassured.internal.path.json.mapping.JsonPathJackson2ObjectDeserializer.deserialize(JsonPathJackson2ObjectDeserializer.groovy:45)&#13;
            io.restassured.internal.mapping.Jackson2Mapper.deserialize(Jackson2Mapper.groovy:58)&#13;
            io.restassured.internal.mapping.ObjectMapping.parseWithJackson2(ObjectMapping.groovy:202)&#13;
            io.restassured.internal.mapping.ObjectMapping.deserialize(ObjectMapping.groovy:55)&#13;
            io.restassured.internal.RestAssuredResponseOptionsGroovyImpl.as(RestAssuredResponseOptionsGroovyImpl.groovy:222)&#13;
            io.restassured.internal.RestAssuredResponseOptionsImpl.as(RestAssuredResponseOptionsImpl.java:164)&#13;
            endpoint.FindByIdEndpoind.getFindById(FindByIdEndpoind.java:16)&#13;
            steps.FindByIdApiSteps.getFindById(FindByIdApiSteps.java:17)&#13;
            FindByIdCheck.userCanCheckIdValueInFindById(FindByIdCheck.java:48)&#13;
        </system-err>
    </testcase>
</testsuite>