<?xml version="1.0" encoding="UTF-8"?>
<testsuite errors="1" failures="0" name="FindByIdCheck" skipped="0" tests="1" time="0.75"
           timestamp="2018-06-23T22:50:35.165+02:00[Europe/Belgrade]">
    <testcase classname="FindByIdCheck" name="User can check status value in find by status">
        <error message="Path parameters were not correctly defined. Redundant path parameters are: pet=1. Undefined path parameters are: id."
               type="java.lang.IllegalArgumentException">Path parameters were not correctly defined. Redundant path
            parameters are: pet=1. Undefined path parameters are: id.
        </error>
        <system-err>Path parameters were not correctly defined. Redundant path parameters are: pet=1. Undefined path
            parameters are: id.&#13;
            io.restassured.internal.RequestSpecificationImpl.assertCorrectNumberOfPathParams(RequestSpecificationImpl.groovy:1336)&#13;
            groovy.lang.MetaMethod.doMethodInvoke(MetaMethod.java:325)&#13;
            groovy.lang.MetaClassImpl.invokeMethod(MetaClassImpl.java:1213)&#13;
            groovy.lang.MetaClassImpl.invokeMethod(MetaClassImpl.java:1022)&#13;
            groovy.lang.MetaClassImpl.invokeMethod(MetaClassImpl.java:810)&#13;
            io.restassured.internal.RequestSpecificationImpl.invokeMethod(RequestSpecificationImpl.groovy)&#13;
            io.restassured.internal.RequestSpecificationImpl.sendRequest(RequestSpecificationImpl.groovy:1223)&#13;
            groovy.lang.MetaMethod.doMethodInvoke(MetaMethod.java:325)&#13;
            groovy.lang.MetaClassImpl.invokeMethod(MetaClassImpl.java:1213)&#13;
            groovy.lang.MetaClassImpl.invokeMethod(MetaClassImpl.java:1022)&#13;
            groovy.lang.MetaClassImpl.invokeMethod(MetaClassImpl.java:810)&#13;
            io.restassured.internal.RequestSpecificationImpl.invokeMethod(RequestSpecificationImpl.groovy)&#13;
            io.restassured.internal.filter.SendRequestFilter.filter(SendRequestFilter.groovy:30)&#13;
            io.restassured.internal.filter.FilterContextImpl.next(FilterContextImpl.groovy:72)&#13;
            io.restassured.filter.time.TimingFilter.filter(TimingFilter.java:56)&#13;
            io.restassured.internal.filter.FilterContextImpl.next(FilterContextImpl.groovy:72)&#13;
            io.restassured.internal.RequestSpecificationImpl.applyPathParamsAndSendRequest(RequestSpecificationImpl.groovy:1722)&#13;
            groovy.lang.MetaMethod.doMethodInvoke(MetaMethod.java:325)&#13;
            groovy.lang.MetaClassImpl.invokeMethod(MetaClassImpl.java:1213)&#13;
            groovy.lang.MetaClassImpl.invokeMethod(MetaClassImpl.java:1022)&#13;
            groovy.lang.MetaClassImpl.invokeMethod(MetaClassImpl.java:810)&#13;
            io.restassured.internal.RequestSpecificationImpl.invokeMethod(RequestSpecificationImpl.groovy)&#13;
            io.restassured.internal.RequestSpecificationImpl.applyPathParamsAndSendRequest(RequestSpecificationImpl.groovy:1728)&#13;
            groovy.lang.MetaMethod.doMethodInvoke(MetaMethod.java:325)&#13;
            groovy.lang.MetaClassImpl.invokeMethod(MetaClassImpl.java:1213)&#13;
            groovy.lang.MetaClassImpl.invokeMethod(MetaClassImpl.java:1022)&#13;
            groovy.lang.MetaClassImpl.invokeMethod(MetaClassImpl.java:810)&#13;
            io.restassured.internal.RequestSpecificationImpl.invokeMethod(RequestSpecificationImpl.groovy)&#13;
            io.restassured.internal.RequestSpecificationImpl.get(RequestSpecificationImpl.groovy:168)&#13;
            io.restassured.internal.RequestSpecificationImpl.get(RequestSpecificationImpl.groovy)&#13;
            endpoint.FindByIdEndpoind.getFindById(FindByIdEndpoind.java:12)&#13;
            steps.FindByIdApiSteps.getFindById(FindByIdApiSteps.java:15)&#13;
            FindByIdCheck.userCanCheckStatusValueInFindByStatus(FindByIdCheck.java:42)&#13;
        </system-err>
    </testcase>
</testsuite>