<?xml version="1.0" encoding="UTF-8"?>
<testsuite errors="0" failures="1" name="FindPetsByIdCheck" skipped="0" tests="5" time="13.75"
           timestamp="2018-07-02T14:52:25.478+02:00[Europe/Belgrade]">
    <testcase classname="FindPetsByIdCheck" name="User can check id value in find by id">
        <failure
                message="Status code is not as expected&#10;Expected: &quot;200&quot;&#10;     but: was &quot;404&quot;"
                type="java.lang.AssertionError">Status code is not as expected
            Expected: "200"
            but: was "404"
        </failure>
        <system-err>Status code is not as expected
            Expected: "200"
            but: was "404"&#13;
            steps.FindPetsByIdApiSteps.checkStatusCode(FindPetsByIdApiSteps.java:23)&#13;
            FindPetsByIdCheck.userCanCheckIdValueInFindById(FindPetsByIdCheck.java:44)&#13;
        </system-err>
    </testcase>
</testsuite>